This is pdfTeX, Version 3.14159265-2.6-1.40.15 (TeX Live 2014) (preloaded format=pdflatex 2014.12.2)  19 MAY 2016 23:38
entering extended mode
 \write18 enabled.
 file:line:error style messages enabled.
 %&-line parsing enabled.
**Draft.tex
(./Draft.tex
LaTeX2e <2014/05/01>
Babel <3.9k> and hyphenation patterns for 78 languages loaded.
(/usr/local/texlive/2014/texmf-dist/tex/latex/base/article.cls
Document Class: article 2007/10/19 v1.4h Standard LaTeX document class
(/usr/local/texlive/2014/texmf-dist/tex/latex/base/size11.clo
File: size11.clo 2007/10/19 v1.4h Standard LaTeX file (size option)
)
\c@part=\count79
\c@section=\count80
\c@subsection=\count81
\c@subsubsection=\count82
\c@paragraph=\count83
\c@subparagraph=\count84
\c@figure=\count85
\c@table=\count86
\abovecaptionskip=\skip41
\belowcaptionskip=\skip42
\bibindent=\dimen102
)
(/usr/local/texlive/2014/texmf-dist/tex/latex/mh/mathtools.sty
Package: mathtools 2014/05/21 v1.14 mathematical typesetting tools

(/usr/local/texlive/2014/texmf-dist/tex/latex/graphics/keyval.sty
Package: keyval 2014/05/08 v1.15 key=value parser (DPC)
\KV@toks@=\toks14
)
(/usr/local/texlive/2014/texmf-dist/tex/latex/tools/calc.sty
Package: calc 2007/08/22 v4.3 Infix arithmetic (KKT,FJ)
\calc@Acount=\count87
\calc@Bcount=\count88
\calc@Adimen=\dimen103
\calc@Bdimen=\dimen104
\calc@Askip=\skip43
\calc@Bskip=\skip44
LaTeX Info: Redefining \setlength on input line 75.
LaTeX Info: Redefining \addtolength on input line 76.
\calc@Ccount=\count89
\calc@Cskip=\skip45
)
(/usr/local/texlive/2014/texmf-dist/tex/latex/mh/mhsetup.sty
Package: mhsetup 2010/01/21 v1.2a programming setup (MH)
)
(/usr/local/texlive/2014/texmf-dist/tex/latex/amsmath/amsmath.sty
Package: amsmath 2013/01/14 v2.14 AMS math features
\@mathmargin=\skip46

For additional information on amsmath, use the `?' option.
(/usr/local/texlive/2014/texmf-dist/tex/latex/amsmath/amstext.sty
Package: amstext 2000/06/29 v2.01

(/usr/local/texlive/2014/texmf-dist/tex/latex/amsmath/amsgen.sty
File: amsgen.sty 1999/11/30 v2.0
\@emptytoks=\toks15
\ex@=\dimen105
))
(/usr/local/texlive/2014/texmf-dist/tex/latex/amsmath/amsbsy.sty
Package: amsbsy 1999/11/29 v1.2d
\pmbraise@=\dimen106
)
(/usr/local/texlive/2014/texmf-dist/tex/latex/amsmath/amsopn.sty
Package: amsopn 1999/12/14 v2.01 operator names
)
\inf@bad=\count90
LaTeX Info: Redefining \frac on input line 210.
\uproot@=\count91
\leftroot@=\count92
LaTeX Info: Redefining \overline on input line 306.
\classnum@=\count93
\DOTSCASE@=\count94
LaTeX Info: Redefining \ldots on input line 378.
LaTeX Info: Redefining \dots on input line 381.
LaTeX Info: Redefining \cdots on input line 466.
\Mathstrutbox@=\box26
\strutbox@=\box27
\big@size=\dimen107
LaTeX Font Info:    Redeclaring font encoding OML on input line 566.
LaTeX Font Info:    Redeclaring font encoding OMS on input line 567.
\macc@depth=\count95
\c@MaxMatrixCols=\count96
\dotsspace@=\muskip10
\c@parentequation=\count97
\dspbrk@lvl=\count98
\tag@help=\toks16
\row@=\count99
\column@=\count100
\maxfields@=\count101
\andhelp@=\toks17
\eqnshift@=\dimen108
\alignsep@=\dimen109
\tagshift@=\dimen110
\tagwidth@=\dimen111
\totwidth@=\dimen112
\lineht@=\dimen113
\@envbody=\toks18
\multlinegap=\skip47
\multlinetaggap=\skip48
\mathdisplay@stack=\toks19
LaTeX Info: Redefining \[ on input line 2665.
LaTeX Info: Redefining \] on input line 2666.
)
LaTeX Info: Thecontrolsequence`\['isalreadyrobust on input line 129.
LaTeX Info: Thecontrolsequence`\]'isalreadyrobust on input line 129.
\g_MT_multlinerow_int=\count102
\l_MT_multwidth_dim=\dimen114
\origjot=\skip49
\l_MT_shortvdotswithinadjustabove_dim=\dimen115
\l_MT_shortvdotswithinadjustbelow_dim=\dimen116
\l_MT_above_intertext_sep=\dimen117
\l_MT_below_intertext_sep=\dimen118
\l_MT_above_shortintertext_sep=\dimen119
\l_MT_below_shortintertext_sep=\dimen120
)
(/usr/local/texlive/2014/texmf-dist/tex/latex/threeparttable/threeparttable.sty
Package: threeparttable 2003/06/13  v 3.0
\@tempboxb=\box28
) (/usr/local/texlive/2014/texmf-dist/tex/latex/tools/longtable.sty
Package: longtable 2004/02/01 v4.11 Multi-page Table package (DPC)
\LTleft=\skip50
\LTright=\skip51
\LTpre=\skip52
\LTpost=\skip53
\LTchunksize=\count103
\LTcapwidth=\dimen121
\LT@head=\box29
\LT@firsthead=\box30
\LT@foot=\box31
\LT@lastfoot=\box32
\LT@cols=\count104
\LT@rows=\count105
\c@LT@tables=\count106
\c@LT@chunks=\count107
\LT@p@ftn=\toks20
)
(/usr/local/texlive/2014/texmf-dist/tex/latex/multirow/multirow.sty
\bigstrutjot=\dimen122
)
(/usr/local/texlive/2014/texmf-dist/tex/latex/booktabs/booktabs.sty
Package: booktabs 2005/04/14 v1.61803 publication quality tables
\heavyrulewidth=\dimen123
\lightrulewidth=\dimen124
\cmidrulewidth=\dimen125
\belowrulesep=\dimen126
\belowbottomsep=\dimen127
\aboverulesep=\dimen128
\abovetopsep=\dimen129
\cmidrulesep=\dimen130
\cmidrulekern=\dimen131
\defaultaddspace=\dimen132
\@cmidla=\count108
\@cmidlb=\count109
\@aboverulesep=\dimen133
\@belowrulesep=\dimen134
\@thisruleclass=\count110
\@lastruleclass=\count111
\@thisrulewidth=\dimen135
)
(/usr/local/texlive/2014/texmf-dist/tex/latex/changepage/changepage.sty
Package: changepage 2009/10/20 v1.0c check page and change page layout
\c@cp@cntr=\count112
\cp@tempcnt=\count113
)
(/usr/local/texlive/2014/texmf-dist/tex/latex/tools/verbatim.sty
Package: verbatim 2003/08/22 v1.5q LaTeX2e package for verbatim enhancements
\every@verbatim=\toks21
\verbatim@line=\toks22
\verbatim@in@stream=\read1
)
(/usr/local/texlive/2014/texmf-dist/tex/latex/epigraph/epigraph.sty
Package: epigraph 2009/09/02 v1.5c typesetting epigraphs
\beforeepigraphskip=\skip54
\afterepigraphskip=\skip55
\epigraphwidth=\skip56
\epigraphrule=\skip57
)
(/usr/local/texlive/2014/texmf-dist/tex/latex/graphics/lscape.sty
Package: lscape 2000/10/22 v3.01 Landscape Pages (DPC)

(/usr/local/texlive/2014/texmf-dist/tex/latex/graphics/graphics.sty
Package: graphics 2009/02/05 v1.0o Standard LaTeX Graphics (DPC,SPQR)

(/usr/local/texlive/2014/texmf-dist/tex/latex/graphics/trig.sty
Package: trig 1999/03/16 v1.09 sin cos tan (DPC)
)
(/usr/local/texlive/2014/texmf-dist/tex/latex/latexconfig/graphics.cfg
File: graphics.cfg 2010/04/23 v1.9 graphics configuration of TeX Live
)
Package graphics Info: Driver file: pdftex.def on input line 91.

(/usr/local/texlive/2014/texmf-dist/tex/latex/pdftex-def/pdftex.def
File: pdftex.def 2011/05/27 v0.06d Graphics/color for pdfTeX

(/usr/local/texlive/2014/texmf-dist/tex/generic/oberdiek/infwarerr.sty
Package: infwarerr 2010/04/08 v1.3 Providing info/warning/error messages (HO)
)
(/usr/local/texlive/2014/texmf-dist/tex/generic/oberdiek/ltxcmds.sty
Package: ltxcmds 2011/11/09 v1.22 LaTeX kernel commands for general use (HO)
)
\Gread@gobject=\count114
)))
(/usr/local/texlive/2014/texmf-dist/tex/latex/pbox/pbox.sty
Package: pbox 2011/12/07 v1.2 Dynamic parboxes

(/usr/local/texlive/2014/texmf-dist/tex/latex/base/ifthen.sty
Package: ifthen 2001/05/26 v1.1c Standard LaTeX ifthen package (DPC)
)
\pb@xlen=\skip58
)
(/usr/local/texlive/2014/texmf-dist/tex/latex/tools/array.sty
Package: array 2008/09/09 v2.4c Tabular extension package (FMi)
\col@sep=\dimen136
\extrarowheight=\dimen137
\NC@list=\toks23
\extratabsurround=\skip59
\backup@length=\skip60
)
(/usr/local/texlive/2014/texmf-dist/tex/latex/natbib/natbib.sty
Package: natbib 2010/09/13 8.31b (PWD, AO)
\bibhang=\skip61
\bibsep=\skip62
LaTeX Info: Redefining \cite on input line 694.
\c@NAT@ctr=\count115
)
(/usr/local/texlive/2014/texmf-dist/tex/latex/graphics/graphicx.sty
Package: graphicx 2014/04/25 v1.0g Enhanced LaTeX Graphics (DPC,SPQR)
\Gin@req@height=\dimen138
\Gin@req@width=\dimen139
)
(/usr/local/texlive/2014/texmf-dist/tex/latex/caption/caption.sty
Package: caption 2013/05/02 v3.3-89 Customizing captions (AR)

(/usr/local/texlive/2014/texmf-dist/tex/latex/caption/caption3.sty
Package: caption3 2013/05/02 v1.6-88 caption3 kernel (AR)
Package caption3 Info: TeX engine: e-TeX on input line 57.
\captionmargin=\dimen140
\captionmargin@=\dimen141
\captionwidth=\dimen142
\caption@tempdima=\dimen143
\caption@indent=\dimen144
\caption@parindent=\dimen145
\caption@hangindent=\dimen146
)
\c@ContinuedFloat=\count116
Package caption Info: longtable package is loaded.

(/usr/local/texlive/2014/texmf-dist/tex/latex/caption/ltcaption.sty
Package: ltcaption 2013/02/03 v1.3-62 longtable captions (AR)
)
Package caption Info: threeparttable package is loaded.
)
(./Draft.aux)
\openout1 = `Draft.aux'.

LaTeX Font Info:    Checking defaults for OML/cmm/m/it on input line 24.
LaTeX Font Info:    ... okay on input line 24.
LaTeX Font Info:    Checking defaults for T1/cmr/m/n on input line 24.
LaTeX Font Info:    ... okay on input line 24.
LaTeX Font Info:    Checking defaults for OT1/cmr/m/n on input line 24.
LaTeX Font Info:    ... okay on input line 24.
LaTeX Font Info:    Checking defaults for OMS/cmsy/m/n on input line 24.
LaTeX Font Info:    ... okay on input line 24.
LaTeX Font Info:    Checking defaults for OMX/cmex/m/n on input line 24.
LaTeX Font Info:    ... okay on input line 24.
LaTeX Font Info:    Checking defaults for U/cmr/m/n on input line 24.
LaTeX Font Info:    ... okay on input line 24.

(/usr/local/texlive/2014/texmf-dist/tex/context/base/supp-pdf.mkii
[Loading MPS to PDF converter (version 2006.09.02).]
\scratchcounter=\count117
\scratchdimen=\dimen147
\scratchbox=\box33
\nofMPsegments=\count118
\nofMParguments=\count119
\everyMPshowfont=\toks24
\MPscratchCnt=\count120
\MPscratchDim=\dimen148
\MPnumerator=\count121
\makeMPintoPDFobject=\count122
\everyMPtoPDFconversion=\toks25
) (/usr/local/texlive/2014/texmf-dist/tex/generic/oberdiek/pdftexcmds.sty
Package: pdftexcmds 2011/11/29 v0.20 Utility functions of pdfTeX for LuaTeX (HO
)

(/usr/local/texlive/2014/texmf-dist/tex/generic/oberdiek/ifluatex.sty
Package: ifluatex 2010/03/01 v1.3 Provides the ifluatex switch (HO)
Package ifluatex Info: LuaTeX not detected.
)
(/usr/local/texlive/2014/texmf-dist/tex/generic/oberdiek/ifpdf.sty
Package: ifpdf 2011/01/30 v2.3 Provides the ifpdf switch (HO)
Package ifpdf Info: pdfTeX in PDF mode is detected.
)
Package pdftexcmds Info: LuaTeX not detected.
Package pdftexcmds Info: \pdf@primitive is available.
Package pdftexcmds Info: \pdf@ifprimitive is available.
Package pdftexcmds Info: \pdfdraftmode found.
)
(/usr/local/texlive/2014/texmf-dist/tex/latex/oberdiek/epstopdf-base.sty
Package: epstopdf-base 2010/02/09 v2.5 Base part for package epstopdf

(/usr/local/texlive/2014/texmf-dist/tex/latex/oberdiek/grfext.sty
Package: grfext 2010/08/19 v1.1 Manage graphics extensions (HO)

(/usr/local/texlive/2014/texmf-dist/tex/generic/oberdiek/kvdefinekeys.sty
Package: kvdefinekeys 2011/04/07 v1.3 Define keys (HO)
))
(/usr/local/texlive/2014/texmf-dist/tex/latex/oberdiek/kvoptions.sty
Package: kvoptions 2011/06/30 v3.11 Key value format for package options (HO)

(/usr/local/texlive/2014/texmf-dist/tex/generic/oberdiek/kvsetkeys.sty
Package: kvsetkeys 2012/04/25 v1.16 Key value parser (HO)

(/usr/local/texlive/2014/texmf-dist/tex/generic/oberdiek/etexcmds.sty
Package: etexcmds 2011/02/16 v1.5 Avoid name clashes with e-TeX commands (HO)
Package etexcmds Info: Could not find \expanded.
(etexcmds)             That can mean that you are not using pdfTeX 1.50 or
(etexcmds)             that some package has redefined \expanded.
(etexcmds)             In the latter case, load this package earlier.
)))
Package grfext Info: Graphics extension search list:
(grfext)             [.png,.pdf,.jpg,.mps,.jpeg,.jbig2,.jb2,.PNG,.PDF,.JPG,.JPE
G,.JBIG2,.JB2,.eps]
(grfext)             \AppendGraphicsExtensions on input line 452.

(/usr/local/texlive/2014/texmf-dist/tex/latex/latexconfig/epstopdf-sys.cfg
File: epstopdf-sys.cfg 2010/07/13 v1.3 Configuration of (r)epstopdf for TeX Liv
e
))
Package caption Info: Begin \AtBeginDocument code.
Package caption Info: End \AtBeginDocument code.

[1

{/usr/local/texlive/2014/texmf-var/fonts/map/pdftex/updmap/pdftex.map}]
[2] [3] [4] [5]
LaTeX Font Info:    Try loading font information for OMS+cmr on input line 99.
 (/usr/local/texlive/2014/texmf-dist/tex/latex/base/omscmr.fd
File: omscmr.fd 1999/05/25 v2.5h Standard LaTeX font definitions
)
LaTeX Font Info:    Font shape `OMS/cmr/m/n' in size <10.95> not available
(Font)              Font shape `OMS/cmsy/m/n' tried instead on input line 99.

Overfull \hbox (1.96487pt too wide) in paragraph at lines 107--108
[]\OT1/cmr/m/n/10.95 Domestic value added in in-ter-me-di-ate ex-ports re-expor
ted
 []

[6]
Overfull \hbox (1.96487pt too wide) in paragraph at lines 108--109
[]\OT1/cmr/m/n/10.95 Domestic value added in in-ter-me-di-ate ex-ports re-expor
ted
 []


Overfull \hbox (1.96487pt too wide) in paragraph at lines 109--110
[]\OT1/cmr/m/n/10.95 Domestic value added in in-ter-me-di-ate ex-ports re-expor
ted
 []


Overfull \hbox (31.31906pt too wide) in paragraph at lines 117--118
[]\OT1/cmr/m/n/10.95 Domestic value added re-turn-ing home as in-ter-me-di-ate 
goods (\OT1/cmr/m/it/10.95 RDV[]INT\OT1/cmr/m/n/10.95 ,
 []

[7] [8] [9]
</Users/VK/Documents/Github/OECD-TiVA-LMIC-GVCs/misc/i2epercentage.png, id=43, 
585.18625pt x 525.965pt>
File: /Users/VK/Documents/Github/OECD-TiVA-LMIC-GVCs/misc/i2epercentage.png Gra
phic file (type png)

<use /Users/VK/Documents/Github/OECD-TiVA-LMIC-GVCs/misc/i2epercentage.png>
Package pdftex.def Info: /Users/VK/Documents/Github/OECD-TiVA-LMIC-GVCs/misc/i2
epercentage.png used on input line 170.
(pdftex.def)             Requested size: 161.9989pt x 145.59987pt.

</Users/VK/Documents/Github/OECD-TiVA-LMIC-GVCs/misc/pdcII.png, id=45, 853.1875
pt x 882.29625pt>
File: /Users/VK/Documents/Github/OECD-TiVA-LMIC-GVCs/misc/pdcII.png Graphic fil
e (type png)

<use /Users/VK/Documents/Github/OECD-TiVA-LMIC-GVCs/misc/pdcII.png>
Package pdftex.def Info: /Users/VK/Documents/Github/OECD-TiVA-LMIC-GVCs/misc/pd
cII.png used on input line 176.
(pdftex.def)             Requested size: 161.9989pt x 167.51686pt.
 [10]
</Users/VK/Documents/Github/OECD-TiVA-LMIC-GVCs/misc/industries_i2e_top6.png, i
d=50, 458.71375pt x 523.9575pt>
File: /Users/VK/Documents/Github/OECD-TiVA-LMIC-GVCs/misc/industries_i2e_top6.p
ng Graphic file (type png)

<use /Users/VK/Documents/Github/OECD-TiVA-LMIC-GVCs/misc/industries_i2e_top6.pn
g>
Package pdftex.def Info: /Users/VK/Documents/Github/OECD-TiVA-LMIC-GVCs/misc/in
dustries_i2e_top6.png used on input line 190.
(pdftex.def)             Requested size: 161.9989pt x 185.04282pt.

</Users/VK/Documents/Github/OECD-TiVA-LMIC-GVCs/misc/industries_i2e_bottom6.png
, id=51, 458.71375pt x 523.9575pt>
File: /Users/VK/Documents/Github/OECD-TiVA-LMIC-GVCs/misc/industries_i2e_bottom
6.png Graphic file (type png)

<use /Users/VK/Documents/Github/OECD-TiVA-LMIC-GVCs/misc/industries_i2e_bottom6
.png>
Package pdftex.def Info: /Users/VK/Documents/Github/OECD-TiVA-LMIC-GVCs/misc/in
dustries_i2e_bottom6.png used on input line 194.
(pdftex.def)             Requested size: 161.9989pt x 185.04282pt.
 [11 </Users/VK/Documents/Github/OECD-TiVA-LMIC-GVCs/misc/i2epercentage.png> </
Users/VK/Documents/Github/OECD-TiVA-LMIC-GVCs/misc/pdcII.png>]
</Users/VK/Documents/Github/OECD-TiVA-LMIC-GVCs/misc/industries_e2r_top6.png, i
d=57, 458.71375pt x 523.9575pt>
File: /Users/VK/Documents/Github/OECD-TiVA-LMIC-GVCs/misc/industries_e2r_top6.p
ng Graphic file (type png)

<use /Users/VK/Documents/Github/OECD-TiVA-LMIC-GVCs/misc/industries_e2r_top6.pn
g>
Package pdftex.def Info: /Users/VK/Documents/Github/OECD-TiVA-LMIC-GVCs/misc/in
dustries_e2r_top6.png used on input line 210.
(pdftex.def)             Requested size: 161.9989pt x 185.04282pt.

</Users/VK/Documents/Github/OECD-TiVA-LMIC-GVCs/misc/industries_e2r_bottom6.png
, id=58, 458.71375pt x 523.9575pt>
File: /Users/VK/Documents/Github/OECD-TiVA-LMIC-GVCs/misc/industries_e2r_bottom
6.png Graphic file (type png)

<use /Users/VK/Documents/Github/OECD-TiVA-LMIC-GVCs/misc/industries_e2r_bottom6
.png>
Package pdftex.def Info: /Users/VK/Documents/Github/OECD-TiVA-LMIC-GVCs/misc/in
dustries_e2r_bottom6.png used on input line 214.
(pdftex.def)             Requested size: 161.9989pt x 185.04282pt.
 [12 </Users/VK/Documents/Github/OECD-TiVA-LMIC-GVCs/misc/industries_i2e_top6.p
ng> </Users/VK/Documents/Github/OECD-TiVA-LMIC-GVCs/misc/industries_i2e_bottom6
.png>]
</Users/VK/Documents/Github/OECD-TiVA-LMIC-GVCs/misc/country_i2e_top_6.png, id=
64, 458.71375pt x 523.9575pt>
File: /Users/VK/Documents/Github/OECD-TiVA-LMIC-GVCs/misc/country_i2e_top_6.png
 Graphic file (type png)

<use /Users/VK/Documents/Github/OECD-TiVA-LMIC-GVCs/misc/country_i2e_top_6.png>
Package pdftex.def Info: /Users/VK/Documents/Github/OECD-TiVA-LMIC-GVCs/misc/co
untry_i2e_top_6.png used on input line 228.
(pdftex.def)             Requested size: 161.9989pt x 185.04282pt.

</Users/VK/Documents/Github/OECD-TiVA-LMIC-GVCs/misc/countries_i2e_bottom_6.png
, id=65, 458.71375pt x 523.9575pt>
File: /Users/VK/Documents/Github/OECD-TiVA-LMIC-GVCs/misc/countries_i2e_bottom_
6.png Graphic file (type png)

<use /Users/VK/Documents/Github/OECD-TiVA-LMIC-GVCs/misc/countries_i2e_bottom_6
.png>
Package pdftex.def Info: /Users/VK/Documents/Github/OECD-TiVA-LMIC-GVCs/misc/co
untries_i2e_bottom_6.png used on input line 232.
(pdftex.def)             Requested size: 161.9989pt x 185.04282pt.
 [13 </Users/VK/Documents/Github/OECD-TiVA-LMIC-GVCs/misc/industries_e2r_top6.p
ng> </Users/VK/Documents/Github/OECD-TiVA-LMIC-GVCs/misc/industries_e2r_bottom6
.png>]
</Users/VK/Documents/Github/OECD-TiVA-LMIC-GVCs/misc/countries_e2r_top_6.png, i
d=72, 458.71375pt x 523.9575pt>
File: /Users/VK/Documents/Github/OECD-TiVA-LMIC-GVCs/misc/countries_e2r_top_6.p
ng Graphic file (type png)

<use /Users/VK/Documents/Github/OECD-TiVA-LMIC-GVCs/misc/countries_e2r_top_6.pn
g>
Package pdftex.def Info: /Users/VK/Documents/Github/OECD-TiVA-LMIC-GVCs/misc/co
untries_e2r_top_6.png used on input line 242.
(pdftex.def)             Requested size: 161.9989pt x 185.04282pt.

</Users/VK/Documents/Github/OECD-TiVA-LMIC-GVCs/misc/countries_e2r_bottom_6.png
, id=73, 458.71375pt x 523.9575pt>
File: /Users/VK/Documents/Github/OECD-TiVA-LMIC-GVCs/misc/countries_e2r_bottom_
6.png Graphic file (type png)

<use /Users/VK/Documents/Github/OECD-TiVA-LMIC-GVCs/misc/countries_e2r_bottom_6
.png>
Package pdftex.def Info: /Users/VK/Documents/Github/OECD-TiVA-LMIC-GVCs/misc/co
untries_e2r_bottom_6.png used on input line 246.
(pdftex.def)             Requested size: 161.9989pt x 185.04282pt.
 [14 </Users/VK/Documents/Github/OECD-TiVA-LMIC-GVCs/misc/country_i2e_top_6.png
> </Users/VK/Documents/Github/OECD-TiVA-LMIC-GVCs/misc/countries_i2e_bottom_6.p
ng> </Users/VK/Documents/Github/OECD-TiVA-LMIC-GVCs/misc/countries_e2r_top_6.pn
g> </Users/VK/Documents/Github/OECD-TiVA-LMIC-GVCs/misc/countries_e2r_bottom_6.
png>] [15]
</Users/VK/Documents/Github/OECD-TiVA-LMIC-GVCs/misc/e2r-i2e.png, id=84, 458.71
375pt x 523.9575pt>
File: /Users/VK/Documents/Github/OECD-TiVA-LMIC-GVCs/misc/e2r-i2e.png Graphic f
ile (type png)

<use /Users/VK/Documents/Github/OECD-TiVA-LMIC-GVCs/misc/e2r-i2e.png>
Package pdftex.def Info: /Users/VK/Documents/Github/OECD-TiVA-LMIC-GVCs/misc/e2
r-i2e.png used on input line 286.
(pdftex.def)             Requested size: 180.0pt x 205.6058pt.


LaTeX Warning: `h' float specifier changed to `ht'.

[16] [17 </Users/VK/Documents/Github/OECD-TiVA-LMIC-GVCs/misc/e2r-i2e.png>]
</Users/VK/Documents/Github/OECD-TiVA-LMIC-GVCs/misc/fva-dva-fin-inter.png, id=
92, 458.71375pt x 523.9575pt>
File: /Users/VK/Documents/Github/OECD-TiVA-LMIC-GVCs/misc/fva-dva-fin-inter.png
 Graphic file (type png)

<use /Users/VK/Documents/Github/OECD-TiVA-LMIC-GVCs/misc/fva-dva-fin-inter.png>
Package pdftex.def Info: /Users/VK/Documents/Github/OECD-TiVA-LMIC-GVCs/misc/fv
a-dva-fin-inter.png used on input line 314.
(pdftex.def)             Requested size: 180.0pt x 205.6058pt.

Underfull \hbox (badness 10000) in paragraph at lines 325--327

 []

[18] [19 </Users/VK/Documents/Github/OECD-TiVA-LMIC-GVCs/misc/fva-dva-fin-inter
.png>]
Underfull \hbox (badness 10000) in paragraph at lines 335--336

 []


LaTeX Warning: `!h' float specifier changed to `!ht'.


Overfull \hbox (97.45625pt too wide) in paragraph at lines 359--374
 []|  [] 
 []


LaTeX Warning: `!h' float specifier changed to `!ht'.

[20] [21]
Overfull \hbox (96.90065pt too wide) in paragraph at lines 407--421
 []|  [] 
 []

[22] [23]
Overfull \hbox (105.62299pt too wide) in paragraph at lines 450--462
 []|  [] 
 []

[24] [25] [26] (./Draft.bbl [27

]) [28]
Overfull \hbox (102.13034pt too wide) in paragraph at lines 493--529
 []|  [] 
 []


LaTeX Warning: `h' float specifier changed to `ht'.


Overfull \hbox (102.13034pt too wide) in paragraph at lines 533--571
 []|  [] 
 []


LaTeX Warning: Float too large for page by 22.79973pt on input line 573.


LaTeX Warning: `h' float specifier changed to `ht'.


Overfull \hbox (111.58328pt too wide) in paragraph at lines 577--609
 []|  [] 
 []


LaTeX Warning: `h' float specifier changed to `ht'.

[29

] [30] [31] [32] (./Draft.aux) ) 
Here is how much of TeX's memory you used:
 4653 strings out of 493117
 73227 string characters out of 6135433
 168262 words of memory out of 5000000
 8024 multiletter control sequences out of 15000+600000
 11693 words of font info for 42 fonts, out of 8000000 for 9000
 1141 hyphenation exceptions out of 8191
 38i,15n,38p,1594b,351s stack positions out of 5000i,500n,10000p,200000b,80000s
</usr/local/texlive/2014/texmf-dist/fonts/type1
/public/amsfonts/cm/cmbx10.pfb></usr/local/texlive/2014/texmf-dist/fonts/type1/
public/amsfonts/cm/cmbx12.pfb></usr/local/texlive/2014/texmf-dist/fonts/type1/p
ublic/amsfonts/cm/cmex10.pfb></usr/local/texlive/2014/texmf-dist/fonts/type1/pu
blic/amsfonts/cm/cmmi10.pfb></usr/local/texlive/2014/texmf-dist/fonts/type1/pub
lic/amsfonts/cm/cmmi8.pfb></usr/local/texlive/2014/texmf-dist/fonts/type1/publi
c/amsfonts/cm/cmmi9.pfb></usr/local/texlive/2014/texmf-dist/fonts/type1/public/
amsfonts/cm/cmr10.pfb></usr/local/texlive/2014/texmf-dist/fonts/type1/public/am
sfonts/cm/cmr6.pfb></usr/local/texlive/2014/texmf-dist/fonts/type1/public/amsfo
nts/cm/cmr8.pfb></usr/local/texlive/2014/texmf-dist/fonts/type1/public/amsfonts
/cm/cmr9.pfb></usr/local/texlive/2014/texmf-dist/fonts/type1/public/amsfonts/cm
/cmsy10.pfb></usr/local/texlive/2014/texmf-dist/fonts/type1/public/amsfonts/cm/
cmsy8.pfb></usr/local/texlive/2014/texmf-dist/fonts/type1/public/amsfonts/cm/cm
ti10.pfb>
Output written on Draft.pdf (32 pages, 429881 bytes).
PDF statistics:
 185 PDF objects out of 1000 (max. 8388607)
 112 compressed objects within 2 object streams
 0 named destinations out of 1000 (max. 500000)
 61 words of extra memory for PDF output out of 10000 (max. 10000000)

